Checking /export...
Installing optional dependencies in galaxy virtual environment...
/galaxy/lib/galaxy/dependencies/__init__.py:72: FutureWarning: The behavior of this method will change in future versions. Use specific 'len(elem)' or 'elem is not None' test instead.
  if plugins_elem:

[notice] A new release of pip is available: 25.0.1 -> 25.2
[notice] To update, run: pip install --upgrade pip
Disable Galaxy Interactive Tools. Start with --privileged to enable ITs.
Starting postgres
postgresql: started
Starting cron
cron: started
Starting ProFTP
proftpd: started
Starting condor
condor: started
Starting slurmctld
Starting slurmd
Starting rabbitmq
rabbitmq: started
Checking if RabbitMQ is up and running
Error: this command requires the 'rabbit' app to be running on the target node. Start it with 'rabbitmqctl start_app'.
Arguments given:
	status

Usage

rabbitmqctl [--node <node>] [--longnames] [--quiet] status [--unit <unit>] [--timeout <timeout>]
Waiting for RabbitMQ
Error: this command requires the 'rabbit' app to be running on the target node. Start it with 'rabbitmqctl start_app'.
Arguments given:
	status

Usage

rabbitmqctl [--node <node>] [--longnames] [--quiet] status [--unit <unit>] [--timeout <timeout>]
Waiting for RabbitMQ
Error: this command requires the 'rabbit' app to be running on the target node. Start it with 'rabbitmqctl start_app'.
Arguments given:
	status

Usage

rabbitmqctl [--node <node>] [--longnames] [--quiet] status [--unit <unit>] [--timeout <timeout>]
Waiting for RabbitMQ
RabbitMQ is ready
Configuring rabbitmq users
Restarting rabbitmq
rabbitmq: stopped
rabbitmq: started
Starting redis
redis: started
Starting flower
flower: started
Usage: galaxyctl [OPTIONS] COMMAND [ARGS]...
Try 'galaxyctl -h' for help.

Error: Invalid value for '--state-dir': Directory '/galaxy/database/gravity' is not writable.
Checking if database is up and running
Traceback (most recent call last):
  File "/galaxy_venv/lib/python3.12/site-packages/sqlalchemy/engine/base.py", line 146, in __init__
    self._dbapi_connection = engine.raw_connection()
                             ^^^^^^^^^^^^^^^^^^^^^^^
  File "/galaxy_venv/lib/python3.12/site-packages/sqlalchemy/engine/base.py", line 3302, in raw_connection
    return self.pool.connect()
           ^^^^^^^^^^^^^^^^^^^
  File "/galaxy_venv/lib/python3.12/site-packages/sqlalchemy/pool/base.py", line 449, in connect
    return _ConnectionFairy._checkout(self)
           ^^^^^^^^^^^^^^^^^^^^^^^^^^^^^^^^
  File "/galaxy_venv/lib/python3.12/site-packages/sqlalchemy/pool/base.py", line 1263, in _checkout
    fairy = _ConnectionRecord.checkout(pool)
            ^^^^^^^^^^^^^^^^^^^^^^^^^^^^^^^^
  File "/galaxy_venv/lib/python3.12/site-packages/sqlalchemy/pool/base.py", line 712, in checkout
    rec = pool._do_get()
          ^^^^^^^^^^^^^^
  File "/galaxy_venv/lib/python3.12/site-packages/sqlalchemy/pool/impl.py", line 179, in _do_get
    with util.safe_reraise():
         ^^^^^^^^^^^^^^^^^^^
  File "/galaxy_venv/lib/python3.12/site-packages/sqlalchemy/util/langhelpers.py", line 146, in __exit__
    raise exc_value.with_traceback(exc_tb)
  File "/galaxy_venv/lib/python3.12/site-packages/sqlalchemy/pool/impl.py", line 177, in _do_get
    return self._create_connection()
           ^^^^^^^^^^^^^^^^^^^^^^^^^
  File "/galaxy_venv/lib/python3.12/site-packages/sqlalchemy/pool/base.py", line 390, in _create_connection
    return _ConnectionRecord(self)
           ^^^^^^^^^^^^^^^^^^^^^^^
  File "/galaxy_venv/lib/python3.12/site-packages/sqlalchemy/pool/base.py", line 674, in __init__
    self.__connect()
  File "/galaxy_venv/lib/python3.12/site-packages/sqlalchemy/pool/base.py", line 900, in __connect
    with util.safe_reraise():
         ^^^^^^^^^^^^^^^^^^^
  File "/galaxy_venv/lib/python3.12/site-packages/sqlalchemy/util/langhelpers.py", line 146, in __exit__
    raise exc_value.with_traceback(exc_tb)
  File "/galaxy_venv/lib/python3.12/site-packages/sqlalchemy/pool/base.py", line 896, in __connect
    self.dbapi_connection = connection = pool._invoke_creator(self)
                                         ^^^^^^^^^^^^^^^^^^^^^^^^^^
  File "/galaxy_venv/lib/python3.12/site-packages/sqlalchemy/engine/create.py", line 643, in connect
    return dialect.connect(*cargs, **cparams)
           ^^^^^^^^^^^^^^^^^^^^^^^^^^^^^^^^^^
  File "/galaxy_venv/lib/python3.12/site-packages/sqlalchemy/engine/default.py", line 621, in connect
    return self.loaded_dbapi.connect(*cargs, **cparams)
           ^^^^^^^^^^^^^^^^^^^^^^^^^^^^^^^^^^^^^^^^^^^^
  File "/galaxy_venv/lib/python3.12/site-packages/psycopg2/__init__.py", line 122, in connect
    conn = _connect(dsn, connection_factory=connection_factory, **kwasync)
           ^^^^^^^^^^^^^^^^^^^^^^^^^^^^^^^^^^^^^^^^^^^^^^^^^^^^^^^^^^^^^^^
psycopg2.OperationalError: connection to server at "localhost" (127.0.0.1), port 5432 failed: FATAL:  the database system is starting up


The above exception was the direct cause of the following exception:

Traceback (most recent call last):
  File "/usr/local/bin/check_database.py", line 25, in <module>
    query.count()
  File "/galaxy_venv/lib/python3.12/site-packages/sqlalchemy/orm/query.py", line 3113, in count
    self._legacy_from_self(col).enable_eagerloads(False).scalar()
  File "/galaxy_venv/lib/python3.12/site-packages/sqlalchemy/orm/query.py", line 2805, in scalar
    ret = self.one()
          ^^^^^^^^^^
  File "/galaxy_venv/lib/python3.12/site-packages/sqlalchemy/orm/query.py", line 2778, in one
    return self._iter().one()  # type: ignore
           ^^^^^^^^^^^^
  File "/galaxy_venv/lib/python3.12/site-packages/sqlalchemy/orm/query.py", line 2827, in _iter
    result: Union[ScalarResult[_T], Result[_T]] = self.session.execute(
                                                  ^^^^^^^^^^^^^^^^^^^^^
  File "/galaxy_venv/lib/python3.12/site-packages/sqlalchemy/orm/session.py", line 2362, in execute
    return self._execute_internal(
           ^^^^^^^^^^^^^^^^^^^^^^^
  File "/galaxy_venv/lib/python3.12/site-packages/sqlalchemy/orm/session.py", line 2237, in _execute_internal
    conn = self._connection_for_bind(bind)
           ^^^^^^^^^^^^^^^^^^^^^^^^^^^^^^^
  File "/galaxy_venv/lib/python3.12/site-packages/sqlalchemy/orm/session.py", line 2106, in _connection_for_bind
    return trans._connection_for_bind(engine, execution_options)
           ^^^^^^^^^^^^^^^^^^^^^^^^^^^^^^^^^^^^^^^^^^^^^^^^^^^^^
  File "<string>", line 2, in _connection_for_bind
  File "/galaxy_venv/lib/python3.12/site-packages/sqlalchemy/orm/state_changes.py", line 139, in _go
    ret_value = fn(self, *arg, **kw)
                ^^^^^^^^^^^^^^^^^^^^
  File "/galaxy_venv/lib/python3.12/site-packages/sqlalchemy/orm/session.py", line 1189, in _connection_for_bind
    conn = bind.connect()
           ^^^^^^^^^^^^^^
  File "/galaxy_venv/lib/python3.12/site-packages/sqlalchemy/engine/base.py", line 3278, in connect
    return self._connection_cls(self)
           ^^^^^^^^^^^^^^^^^^^^^^^^^^
  File "/galaxy_venv/lib/python3.12/site-packages/sqlalchemy/engine/base.py", line 148, in __init__
    Connection._handle_dbapi_exception_noconnection(
  File "/galaxy_venv/lib/python3.12/site-packages/sqlalchemy/engine/base.py", line 2442, in _handle_dbapi_exception_noconnection
    raise sqlalchemy_exception.with_traceback(exc_info[2]) from e
  File "/galaxy_venv/lib/python3.12/site-packages/sqlalchemy/engine/base.py", line 146, in __init__
    self._dbapi_connection = engine.raw_connection()
                             ^^^^^^^^^^^^^^^^^^^^^^^
  File "/galaxy_venv/lib/python3.12/site-packages/sqlalchemy/engine/base.py", line 3302, in raw_connection
    return self.pool.connect()
           ^^^^^^^^^^^^^^^^^^^
  File "/galaxy_venv/lib/python3.12/site-packages/sqlalchemy/pool/base.py", line 449, in connect
    return _ConnectionFairy._checkout(self)
           ^^^^^^^^^^^^^^^^^^^^^^^^^^^^^^^^
  File "/galaxy_venv/lib/python3.12/site-packages/sqlalchemy/pool/base.py", line 1263, in _checkout
    fairy = _ConnectionRecord.checkout(pool)
            ^^^^^^^^^^^^^^^^^^^^^^^^^^^^^^^^
  File "/galaxy_venv/lib/python3.12/site-packages/sqlalchemy/pool/base.py", line 712, in checkout
    rec = pool._do_get()
          ^^^^^^^^^^^^^^
  File "/galaxy_venv/lib/python3.12/site-packages/sqlalchemy/pool/impl.py", line 179, in _do_get
    with util.safe_reraise():
         ^^^^^^^^^^^^^^^^^^^
  File "/galaxy_venv/lib/python3.12/site-packages/sqlalchemy/util/langhelpers.py", line 146, in __exit__
    raise exc_value.with_traceback(exc_tb)
  File "/galaxy_venv/lib/python3.12/site-packages/sqlalchemy/pool/impl.py", line 177, in _do_get
    return self._create_connection()
           ^^^^^^^^^^^^^^^^^^^^^^^^^
  File "/galaxy_venv/lib/python3.12/site-packages/sqlalchemy/pool/base.py", line 390, in _create_connection
    return _ConnectionRecord(self)
           ^^^^^^^^^^^^^^^^^^^^^^^
  File "/galaxy_venv/lib/python3.12/site-packages/sqlalchemy/pool/base.py", line 674, in __init__
    self.__connect()
  File "/galaxy_venv/lib/python3.12/site-packages/sqlalchemy/pool/base.py", line 900, in __connect
    with util.safe_reraise():
         ^^^^^^^^^^^^^^^^^^^
  File "/galaxy_venv/lib/python3.12/site-packages/sqlalchemy/util/langhelpers.py", line 146, in __exit__
    raise exc_value.with_traceback(exc_tb)
  File "/galaxy_venv/lib/python3.12/site-packages/sqlalchemy/pool/base.py", line 896, in __connect
    self.dbapi_connection = connection = pool._invoke_creator(self)
                                         ^^^^^^^^^^^^^^^^^^^^^^^^^^
  File "/galaxy_venv/lib/python3.12/site-packages/sqlalchemy/engine/create.py", line 643, in connect
    return dialect.connect(*cargs, **cparams)
           ^^^^^^^^^^^^^^^^^^^^^^^^^^^^^^^^^^
  File "/galaxy_venv/lib/python3.12/site-packages/sqlalchemy/engine/default.py", line 621, in connect
    return self.loaded_dbapi.connect(*cargs, **cparams)
           ^^^^^^^^^^^^^^^^^^^^^^^^^^^^^^^^^^^^^^^^^^^^
  File "/galaxy_venv/lib/python3.12/site-packages/psycopg2/__init__.py", line 122, in connect
    conn = _connect(dsn, connection_factory=connection_factory, **kwasync)
           ^^^^^^^^^^^^^^^^^^^^^^^^^^^^^^^^^^^^^^^^^^^^^^^^^^^^^^^^^^^^^^^
sqlalchemy.exc.OperationalError: (psycopg2.OperationalError) connection to server at "localhost" (127.0.0.1), port 5432 failed: FATAL:  the database system is starting up

(Background on this error at: https://sqlalche.me/e/20/e3q8)
Waiting for database
Database connected
Creating admin user admin with key fakekey and password password if not existing
==> /home/galaxy/logs/celery-beat.log <==
[2025-08-25 19:52:09,473: INFO/MainProcess] beat: Starting...
[2025-08-25 19:52:09,528: DEBUG/MainProcess] Current schedule:
<ScheduleEntry: prune-history-audit-table galaxy.prune_history_audit_table() <freq: 1.00 hour>
<ScheduleEntry: cleanup-short-term-storage galaxy.cleanup_short_term_storage() <freq: 1.00 hour>
<ScheduleEntry: clean-object-store-caches galaxy.clean_object_store_caches() <freq: 10.00 minutes>
<ScheduleEntry: celery.backend_cleanup celery.backend_cleanup() <crontab: 0 4 * * * (m/h/dM/MY/d)>
[2025-08-25 19:52:09,528: DEBUG/MainProcess] beat: Ticking with max interval->5.00 minutes
[2025-08-25 19:52:09,528: DEBUG/MainProcess] beat: Waking up in 5.00 minutes.
[2025-08-25 19:57:09,529: DEBUG/MainProcess] beat: Synchronizing schedule...
[2025-08-25 19:57:09,530: DEBUG/MainProcess] beat: Waking up in 5.00 minutes.

==> /home/galaxy/logs/celery.log <==
you should set broker_connection_retry_on_startup to True.
  warnings.warn(

[2025-08-25 19:52:09,559: DEBUG/MainProcess] ^-- substep ok
[2025-08-25 19:52:09,559: DEBUG/MainProcess] | Consumer: Starting Tasks
[2025-08-25 19:52:11,620: DEBUG/MainProcess] ^-- substep ok
[2025-08-25 19:52:11,620: DEBUG/MainProcess] | Consumer: Starting Heart
[2025-08-25 19:52:11,620: DEBUG/MainProcess] ^-- substep ok
[2025-08-25 19:52:11,620: DEBUG/MainProcess] | Consumer: Starting event loop
[2025-08-25 19:52:11,621: INFO/MainProcess] celery@buildkitsandbox ready.

==> /home/galaxy/logs/flower.log <==
[W 250826 16:18:30 inspector:42] Inspect method registered failed
[W 250826 16:18:30 inspector:42] Inspect method registered failed
[W 250826 16:18:30 inspector:42] Inspect method active failed
[W 250826 16:18:30 inspector:42] Inspect method active failed
[W 250826 16:18:30 inspector:42] Inspect method stats failed
[W 250826 16:18:30 inspector:42] Inspect method conf failed
[W 250826 16:18:30 inspector:42] Inspect method stats failed
[W 250826 16:18:30 inspector:42] Inspect method scheduled failed
[W 250826 16:18:30 inspector:42] Inspect method conf failed
[W 250826 16:18:30 inspector:42] Inspect method scheduled failed

==> /home/galaxy/logs/gunicorn.log <==
  wheel              conda-forge/noarch::wheel-0.45.1-pyhd8ed1ab_1 


Preparing transaction: ...working... done
Verifying transaction: ...working... done
Executing transaction: ...working... done
galaxy.tool_util.deps DEBUG 2025-08-25 20:02:03,226 [pN:main.2,p:780,tN:WSGI_0] Using dependency python version 3.10 of type conda
galaxy.tool_util.deps DEBUG 2025-08-25 20:02:03,226 [pN:main.2,p:780,tN:WSGI_0] Using dependency pandas version 2.2.3 of type conda
galaxy.tool_util.deps DEBUG 2025-08-25 20:02:03,226 [pN:main.2,p:780,tN:WSGI_0] Using dependency numpy version 2.2.5 of type conda
uvicorn.access INFO 2025-08-25 20:02:03,250 [pN:main.2,p:780,tN:MainThread] 127.0.0.1:44282 - "POST /api/tool_shed_repositories/new/install_repository_revision HTTP/1.1" 200

==> /home/galaxy/logs/handler_0.log <==
galaxy.datatypes.registry DEBUG 2025-08-25 20:01:55,060 [pN:handler_0,p:204,tN:Thread-1] Loaded converter: CONVERTER_neostorezip_to_neostore
galaxy.datatypes.registry DEBUG 2025-08-25 20:01:55,061 [pN:handler_0,p:204,tN:Thread-1] Loaded external metadata tool: __SET_METADATA__
galaxy.tools.special_tools DEBUG 2025-08-25 20:01:55,062 [pN:handler_0,p:204,tN:Thread-1] Loaded history export tool: __EXPORT_HISTORY__
galaxy.tools.special_tools DEBUG 2025-08-25 20:01:55,063 [pN:handler_0,p:204,tN:Thread-1] Loaded history export to uri tool: __EXPORT_HISTORY_TO_URI__
galaxy.tools.special_tools DEBUG 2025-08-25 20:01:55,064 [pN:handler_0,p:204,tN:Thread-1] Loaded history import tool: __IMPORT_HISTORY__
galaxy.tools.special_tools DEBUG 2025-08-25 20:01:55,065 [pN:handler_0,p:204,tN:Thread-1] Loaded data fetch tool: __DATA_FETCH__
galaxy.queue_worker INFO 2025-08-25 20:01:55,065 [pN:handler_0,p:204,tN:Thread-1] Queuing async task rebuild_toolbox_search_index for handler_0.
galaxy.queue_worker DEBUG 2025-08-25 20:01:55,076 [pN:handler_0,p:204,tN:Thread-1] Toolbox reload (58.250 ms)
galaxy.queue_worker INFO 2025-08-25 20:01:55,093 [pN:handler_0,p:204,tN:Thread-1] Instance 'handler_0' received 'rebuild_toolbox_search_index' task, executing now.
galaxy.queue_worker DEBUG 2025-08-25 20:01:55,093 [pN:handler_0,p:204,tN:Thread-1] App is not a webapp, not building a search index

==> /home/galaxy/logs/handler_1.log <==
galaxy.datatypes.registry DEBUG 2025-08-25 20:01:55,046 [pN:handler_1,p:601,tN:Thread-1] Loaded converter: CONVERTER_neostorezip_to_neostore
galaxy.datatypes.registry DEBUG 2025-08-25 20:01:55,048 [pN:handler_1,p:601,tN:Thread-1] Loaded external metadata tool: __SET_METADATA__
galaxy.tools.special_tools DEBUG 2025-08-25 20:01:55,050 [pN:handler_1,p:601,tN:Thread-1] Loaded history export tool: __EXPORT_HISTORY__
galaxy.tools.special_tools DEBUG 2025-08-25 20:01:55,051 [pN:handler_1,p:601,tN:Thread-1] Loaded history export to uri tool: __EXPORT_HISTORY_TO_URI__
galaxy.tools.special_tools DEBUG 2025-08-25 20:01:55,053 [pN:handler_1,p:601,tN:Thread-1] Loaded history import tool: __IMPORT_HISTORY__
galaxy.tools.special_tools DEBUG 2025-08-25 20:01:55,055 [pN:handler_1,p:601,tN:Thread-1] Loaded data fetch tool: __DATA_FETCH__
galaxy.queue_worker INFO 2025-08-25 20:01:55,055 [pN:handler_1,p:601,tN:Thread-1] Queuing async task rebuild_toolbox_search_index for handler_1.
galaxy.queue_worker DEBUG 2025-08-25 20:01:55,068 [pN:handler_1,p:601,tN:Thread-1] Toolbox reload (83.049 ms)
galaxy.queue_worker INFO 2025-08-25 20:01:55,085 [pN:handler_1,p:601,tN:Thread-1] Instance 'handler_1' received 'rebuild_toolbox_search_index' task, executing now.
galaxy.queue_worker DEBUG 2025-08-25 20:01:55,085 [pN:handler_1,p:601,tN:Thread-1] App is not a webapp, not building a search index

==> /home/galaxy/logs/reports.log <==
galaxy.web.framework.base DEBUG 2025-08-25 19:52:09,940 [pN:main,p:347,tN:MainThread] Enabling 'users' controller, class: Users
galaxy.web.framework.base DEBUG 2025-08-25 19:52:09,943 [pN:main,p:347,tN:MainThread] Enabling 'workflows' controller, class: Workflows
galaxy.webapps.util DEBUG 2025-08-25 19:52:09,944 [pN:main,p:347,tN:MainThread] Enabling 'paste.httpexceptions' middleware
galaxy.webapps.util DEBUG 2025-08-25 19:52:09,944 [pN:main,p:347,tN:MainThread] Enabling 'ErrorMiddleware' middleware
galaxy.webapps.util DEBUG 2025-08-25 19:52:09,946 [pN:main,p:347,tN:MainThread] Enabling 'TransLogger' middleware
galaxy.webapps.util DEBUG 2025-08-25 19:52:09,946 [pN:main,p:347,tN:MainThread] Enabling 'XForwardedHostMiddleware' middleware
galaxy.webapps.util DEBUG 2025-08-25 19:52:09,946 [pN:main,p:347,tN:MainThread] Enabling 'RequestIDMiddleware' middleware
[2025-08-25 19:52:09 +0000] [347] [INFO] Started server process [347]
[2025-08-25 19:52:09 +0000] [347] [INFO] Waiting for application startup.
[2025-08-25 19:52:09 +0000] [347] [INFO] Application startup complete.

==> /home/galaxy/logs/slurmctld.log <==
[2025-08-26T16:17:33.638] error: NOTE: Trying backup state save file. Triggers may be lost!
[2025-08-26T16:17:33.638] No trigger state file (/tmp/slurm/trigger_state.old) to recover
[2025-08-26T16:17:33.638] read_slurm_conf: backup_controller not specified
[2025-08-26T16:17:33.638] Reinitializing job accounting state
[2025-08-26T16:17:33.638] select/cons_tres: select_p_reconfigure: select/cons_tres: reconfigure
[2025-08-26T16:17:33.638] select/cons_tres: part_data_create_array: select/cons_tres: preparing for 1 partitions
[2025-08-26T16:17:33.638] Running as primary controller
[2025-08-26T16:17:33.638] No parameter for mcs plugin, default values set
[2025-08-26T16:17:33.638] mcs: MCSParameters = (null). ondemand set.
[2025-08-26T16:17:36.643] SchedulerParameters=default_queue_depth=100,max_rpc_cnt=0,max_sched_time=2,partition_job_depth=0,sched_max_job_start=0,sched_min_interval=2

==> /home/galaxy/logs/slurmd.log <==
[2025-08-26T16:17:33.817] error: Node configuration differs from hardware: CPUs=24:24(hw) Boards=1:1(hw) SocketsPerBoard=24:1(hw) CoresPerSocket=1:12(hw) ThreadsPerCore=1:2(hw)
[2025-08-26T16:17:33.820] slurmd version 21.08.5 started
[2025-08-26T16:17:33.821] slurmd started on Tue, 26 Aug 2025 16:17:33 +0000
[2025-08-26T16:17:33.821] CPUs=24 Boards=1 Sockets=24 Cores=1 Threads=1 Memory=257340 TmpDisk=71645 Uptime=8282901 CPUSpecList=(null) FeaturesAvail=(null) FeaturesActive=(null)
